<?xml version="1.0" encoding="UTF-8"?>
<testng-results ignored="0" total="1" passed="1" failed="0" skipped="0">
  <reporter-output>
  </reporter-output>
  <suite started-at="2026-03-24T18:46:36 IST" name="Default suite" finished-at="2026-03-24T18:46:42 IST" duration-ms="6021">
    <groups>
    </groups>
    <test started-at="2026-03-24T18:46:36 IST" name="Default test" finished-at="2026-03-24T18:46:42 IST" duration-ms="6021">
      <class name="demo.Demo2Test">
        <test-method signature="hii()[pri:0, instance:demo.Demo2Test@67c27493]" started-at="2026-03-24T18:46:36 IST" name="hii" finished-at="2026-03-24T18:46:42 IST" duration-ms="5979" status="PASS">
          <reporter-output>
          </reporter-output>
        </test-method> <!-- hii -->
      </class> <!-- demo.Demo2Test -->
    </test> <!-- Default test -->
  </suite> <!-- Default suite -->
</testng-results>
